2022-05-23 10:06:07,210 INFO o.a.j.u.JMeterUtils: Setting Locale to en_EN
2022-05-23 10:06:07,243 INFO o.a.j.JMeter: Loading user properties from: /opt/homebrew/Cellar/jmeter/5.4.3/libexec/bin/user.properties
2022-05-23 10:06:07,244 INFO o.a.j.JMeter: Loading system properties from: /opt/homebrew/Cellar/jmeter/5.4.3/libexec/bin/system.properties
2022-05-23 10:06:07,247 INFO o.a.j.JMeter: Copyright (c) 1998-2021 The Apache Software Foundation
2022-05-23 10:06:07,247 INFO o.a.j.JMeter: Version 5.4.3
2022-05-23 10:06:07,247 INFO o.a.j.JMeter: java.version=18
2022-05-23 10:06:07,247 INFO o.a.j.JMeter: java.vm.name=OpenJDK 64-Bit Server VM
2022-05-23 10:06:07,247 INFO o.a.j.JMeter: os.name=Mac OS X
2022-05-23 10:06:07,247 INFO o.a.j.JMeter: os.arch=aarch64
2022-05-23 10:06:07,247 INFO o.a.j.JMeter: os.version=11.6
2022-05-23 10:06:07,247 INFO o.a.j.JMeter: file.encoding=UTF-8
2022-05-23 10:06:07,247 INFO o.a.j.JMeter: java.awt.headless=null
2022-05-23 10:06:07,247 INFO o.a.j.JMeter: Max memory     =1073741824
2022-05-23 10:06:07,247 INFO o.a.j.JMeter: Available Processors =8
2022-05-23 10:06:07,253 INFO o.a.j.JMeter: Default Locale=English (EN)
2022-05-23 10:06:07,253 INFO o.a.j.JMeter: JMeter  Locale=English (EN)
2022-05-23 10:06:07,253 INFO o.a.j.JMeter: JMeterHome=/opt/homebrew/Cellar/jmeter/5.4.3/libexec
2022-05-23 10:06:07,253 INFO o.a.j.JMeter: user.dir  =/Users/ngocc
2022-05-23 10:06:07,253 INFO o.a.j.JMeter: PWD       =/Users/ngocc
2022-05-23 10:06:07,254 INFO o.a.j.JMeter: IP: 127.0.0.1 Name: MacBook-Air-cua-Ngocc.local FullName: localhost
2022-05-23 10:06:07,692 INFO o.a.j.JMeter: Setting LAF to: laf:javax.swing.plaf.metal.MetalLookAndFeel
2022-05-23 10:06:08,503 INFO o.a.j.JMeter: Loaded icon properties from org/apache/jmeter/images/icon.properties
2022-05-23 10:06:09,052 INFO o.j.r.JARSourceHTTP: Requesting https://jmeter-plugins.org/repo/?installID=mac_os_x-beb240f3b5a9176b0e13eb4392d6aaf2-gui
2022-05-23 10:06:11,401 INFO o.j.r.PluginManager: Plugins Status: [jpgc-plugins-manager=1.7, jmeter-core=5.4.3, jmeter-ftp=5.4.3, jmeter-http=5.4.3, jmeter-jdbc=5.4.3, jmeter-jms=5.4.3, jmeter-junit=5.4.3, jmeter-java=5.4.3, jmeter-ldap=5.4.3, jmeter-mail=5.4.3, jmeter-mongodb=5.4.3, jmeter-native=5.4.3, jmeter-tcp=5.4.3, jmeter-components=5.4.3]
2022-05-23 10:06:55,527 INFO o.a.j.p.h.s.HTTPSamplerBase: Parser for text/html is org.apache.jmeter.protocol.http.parser.LagartoBasedHtmlParser
2022-05-23 10:06:55,528 INFO o.a.j.p.h.s.HTTPSamplerBase: Parser for application/xhtml+xml is org.apache.jmeter.protocol.http.parser.LagartoBasedHtmlParser
2022-05-23 10:06:55,528 INFO o.a.j.p.h.s.HTTPSamplerBase: Parser for application/xml is org.apache.jmeter.protocol.http.parser.LagartoBasedHtmlParser
2022-05-23 10:06:55,528 INFO o.a.j.p.h.s.HTTPSamplerBase: Parser for text/xml is org.apache.jmeter.protocol.http.parser.LagartoBasedHtmlParser
2022-05-23 10:06:55,528 INFO o.a.j.p.h.s.HTTPSamplerBase: Parser for text/vnd.wap.wml is org.apache.jmeter.protocol.http.parser.RegexpHTMLParser
2022-05-23 10:06:55,528 INFO o.a.j.p.h.s.HTTPSamplerBase: Parser for text/css is org.apache.jmeter.protocol.http.parser.CssParser
