!SESSION 2022-02-28 23:05:29.009 -----------------------------------------------
eclipse.buildId=4.21.0.I20210906-0500
java.version=17
java.vendor=Eclipse Adoptium
BootLoader constants: OS=macosx, ARCH=x86_64, WS=cocoa, NL=en_VN
Framework arguments:  -product org.eclipse.epp.package.java.product -keyring /Users/ngocc/.eclipse_keyring
Command-line arguments:  -os macosx -ws cocoa -arch x86_64 -product org.eclipse.epp.package.java.product -keyring /Users/ngocc/.eclipse_keyring

!ENTRY org.eclipse.oomph.p2.core 2 0 2022-02-28 23:05:31.493
!MESSAGE Failed to register the thread safe credentials providers: 'java.util.Map org.eclipse.core.internal.runtime.AdapterManager.getFactories()'

!ENTRY org.eclipse.osgi 4 0 2022-03-02 21:37:27.894
!MESSAGE Application error
!STACK 1
org.eclipse.swt.SWTException: Device is disposed
	at org.eclipse.swt.SWT.error(SWT.java:4893)
	at org.eclipse.swt.SWT.error(SWT.java:4808)
	at org.eclipse.swt.SWT.error(SWT.java:4779)
	at org.eclipse.swt.widgets.Display.error(Display.java:1147)
	at org.eclipse.swt.widgets.Display.checkDevice(Display.java:649)
	at org.eclipse.swt.widgets.Display.getData(Display.java:1512)
	at org.eclipse.ui.internal.WorkbenchPlugin.unsetSplashShell(WorkbenchPlugin.java:1215)
	at org.eclipse.ui.internal.ide.application.IDEApplication.start(IDEApplication.java:144)
	at org.eclipse.equinox.internal.app.EclipseAppHandle.run(EclipseAppHandle.java:203)
	at org.eclipse.core.runtime.internal.adaptor.EclipseAppLauncher.runApplication(EclipseAppLauncher.java:136)
	at org.eclipse.core.runtime.internal.adaptor.EclipseAppLauncher.start(EclipseAppLauncher.java:104)
	at org.eclipse.core.runtime.adaptor.EclipseStarter.run(EclipseStarter.java:401)
	at org.eclipse.core.runtime.adaptor.EclipseStarter.run(EclipseStarter.java:255)
	at java.base/jdk.internal.reflect.NativeMethodAccessorImpl.invoke0(Native Method)
	at java.base/jdk.internal.reflect.NativeMethodAccessorImpl.invoke(NativeMethodAccessorImpl.java:77)
	at java.base/jdk.internal.reflect.DelegatingMethodAccessorImpl.invoke(DelegatingMethodAccessorImpl.java:43)
	at java.base/java.lang.reflect.Method.invoke(Method.java:568)
	at org.eclipse.equinox.launcher.Main.invokeFramework(Main.java:659)
	at org.eclipse.equinox.launcher.Main.basicRun(Main.java:596)
	at org.eclipse.equinox.launcher.Main.run(Main.java:1467)
